\BOOKMARK [1][-]{section*.1}{\376\377\000A\000b\000s\000t\000r\000a\000c\000t}{}% 1
\BOOKMARK [1][-]{section.1}{\376\377\0001\000\040\000I\000n\000t\000r\000o\000d\000u\000c\000t\000i\000o\000n}{}% 2
\BOOKMARK [1][-]{section.2}{\376\377\0002\000\040\000M\000o\000t\000i\000v\000a\000t\000i\000o\000n}{}% 3
\BOOKMARK [1][-]{section.3}{\376\377\0003\000\040\000B\000a\000c\000k\000g\000r\000o\000u\000n\000d}{}% 4
\BOOKMARK [2][-]{subsection.3.1}{\376\377\0003\000.\0001\000\040\000C\000A\000P\000\040\000T\000h\000e\000o\000r\000e\000m}{section.3}% 5
\BOOKMARK [2][-]{subsection.3.2}{\376\377\0003\000.\0002\000\040\000A\000C\000I\000D}{section.3}% 6
\BOOKMARK [2][-]{subsection.3.3}{\376\377\0003\000.\0003\000\040\000B\000A\000S\000E}{section.3}% 7
\BOOKMARK [1][-]{section.4}{\376\377\0004\000\040\000K\000e\000y\000-\000v\000a\000l\000u\000e\000\040\000s\000e\000r\000v\000e\000r}{}% 8
\BOOKMARK [2][-]{subsection.4.1}{\376\377\0004\000.\0001\000\040\000K\000e\000y\000-\000v\000a\000l\000u\000e\000\040\000s\000t\000o\000r\000e}{section.4}% 9
\BOOKMARK [2][-]{subsection.4.2}{\376\377\0004\000.\0002\000\040\000P\000e\000r\000s\000i\000s\000t\000e\000n\000c\000e}{section.4}% 10
\BOOKMARK [2][-]{subsection.4.3}{\376\377\0004\000.\0003\000\040\000C\000a\000c\000h\000i\000n\000g}{section.4}% 11
\BOOKMARK [1][-]{section.5}{\376\377\0005\000\040\000G\000r\000o\000u\000p\000\040\000C\000h\000a\000t}{}% 12
\BOOKMARK [2][-]{subsection.5.1}{\376\377\0005\000.\0001\000\040\000N\000e\000w\000\040\000C\000o\000m\000m\000a\000n\000d\000s\000\040\000f\000o\000r\000\040\000t\000h\000e\000\040\000G\000r\000o\000u\000p\000\040\000C\000h\000a\000t}{section.5}% 13
\BOOKMARK [2][-]{subsection.5.2}{\376\377\0005\000.\0002\000\040\000C\000h\000a\000t\000b\000o\000t}{section.5}% 14
\BOOKMARK [2][-]{subsection.5.3}{\376\377\0005\000.\0003\000\040\000E\000x\000e\000c\000u\000t\000i\000o\000n\000\040\000o\000f\000\040\000t\000h\000e\000\040\000W\000o\000r\000k\000f\000l\000o\000w}{section.5}% 15
\BOOKMARK [1][-]{section.6}{\376\377\0006\000\040\000I\000m\000p\000l\000e\000m\000e\000n\000t\000a\000t\000i\000o\000n}{}% 16
\BOOKMARK [2][-]{subsection.6.1}{\376\377\0006\000.\0001\000\040\000C\000l\000i\000e\000n\000t\000\040\000S\000i\000d\000e\000\040\000I\000m\000p\000l\000e\000m\000e\000n\000t\000a\000t\000i\000o\000n}{section.6}% 17
\BOOKMARK [2][-]{subsection.6.2}{\376\377\0006\000.\0002\000\040\000S\000e\000r\000v\000e\000r\000\040\000S\000i\000d\000e\000\040\000I\000m\000p\000l\000e\000m\000e\000n\000t\000a\000t\000i\000o\000n}{section.6}% 18
\BOOKMARK [2][-]{subsection.6.3}{\376\377\0006\000.\0003\000\040\000C\000h\000a\000t\000\040\000S\000y\000s\000t\000e\000m}{section.6}% 19
\BOOKMARK [1][-]{section.7}{\376\377\0007\000\040\000P\000e\000r\000f\000o\000r\000m\000a\000n\000c\000e\000\040\000A\000n\000a\000l\000y\000s\000i\000s}{}% 20
\BOOKMARK [1][-]{section.8}{\376\377\0008\000\040\000S\000u\000m\000m\000a\000r\000y}{}% 21
\BOOKMARK [1][-]{section*.7}{\376\377\000R\000e\000f\000e\000r\000e\000n\000c\000e\000s}{}% 22
